[2022-06-01T13:39:38.907] [WARN] custom - {
  error: '-2',
  descripcion: 'ruta /favicon.ico metodo GET no implementada'
}
[2022-06-01T13:41:14.578] [WARN] custom - {
  error: '-2',
  descripcion: 'ruta /favicon.ico metodo GET no implementada'
}
[2022-06-01T13:41:32.345] [WARN] custom - {
  error: '-2',
  descripcion: 'ruta /favicon.ico metodo GET no implementada'
}
[2022-06-01T13:42:13.045] [WARN] custom - {
  error: '-2',
  descripcion: 'ruta /api/carrito//productos/628109e599335efc8996322a metodo POST no implementada'
}
[2022-06-01T13:42:13.226] [WARN] custom - {
  error: '-2',
  descripcion: 'ruta /favicon.ico metodo GET no implementada'
}
[2022-06-01T13:42:14.984] [WARN] custom - {
  error: '-2',
  descripcion: 'ruta /favicon.ico metodo GET no implementada'
}
[2022-06-01T13:44:51.440] [WARN] custom - {
  error: '-2',
  descripcion: 'ruta /favicon.ico metodo GET no implementada'
}
[2022-06-01T13:47:09.310] [WARN] custom - {
  error: '-2',
  descripcion: 'ruta /favicon.ico metodo GET no implementada'
}
[2022-06-01T13:49:31.691] [WARN] custom - {
  error: '-2',
  descripcion: 'ruta /favicon.ico metodo GET no implementada'
}
[2022-06-01T13:49:39.526] [WARN] custom - {
  error: '-2',
  descripcion: 'ruta /favicon.ico metodo GET no implementada'
}
[2022-06-01T13:50:10.192] [WARN] custom - {
  error: '-2',
  descripcion: 'ruta /favicon.ico metodo GET no implementada'
}
[2022-06-01T20:36:00.612] [WARN] custom - {
  error: '-2',
  descripcion: 'ruta /favicon.ico metodo GET no implementada'
}
[2022-06-01T20:37:16.506] [WARN] custom - {
  error: '-2',
  descripcion: 'ruta /favicon.ico metodo GET no implementada'
}
[2022-06-01T20:37:22.238] [WARN] custom - {
  error: '-2',
  descripcion: 'ruta /favicon.ico metodo GET no implementada'
}
[2022-06-01T20:37:51.855] [WARN] custom - {
  error: '-2',
  descripcion: 'ruta /favicon.ico metodo GET no implementada'
}
[2022-06-01T20:37:59.258] [WARN] custom - {
  error: '-2',
  descripcion: 'ruta /favicon.ico metodo GET no implementada'
}
[2022-06-01T20:38:11.552] [WARN] custom - {
  error: '-2',
  descripcion: 'ruta /favicon.ico metodo GET no implementada'
}
[2022-06-01T20:39:37.611] [WARN] custom - {
  error: '-2',
  descripcion: 'ruta /favicon.ico metodo GET no implementada'
}
[2022-06-01T20:39:54.518] [WARN] custom - {
  error: '-2',
  descripcion: 'ruta /favicon.ico metodo GET no implementada'
}
[2022-06-01T20:41:23.069] [WARN] custom - {
  error: '-2',
  descripcion: 'ruta /favicon.ico metodo GET no implementada'
}
[2022-06-01T20:42:52.193] [WARN] custom - {
  error: '-2',
  descripcion: 'ruta /favicon.ico metodo GET no implementada'
}
